<?xml version="1.0" encoding="UTF-8"?>
<!-- Generated by org.testng.reporters.JUnitReportReporter -->
<testsuite hostname="Kumuads" failures="0" tests="1" name="testscripts.TC04_ToVerifyNewLeadCreatedTest" time="249.159" errors="0" timestamp="02 May 2022 06:29:22 GMT" skipped="0">
  <testcase classname="testscripts.TC04_ToVerifyNewLeadCreatedTest" name="toverifyLeadIsCreated" time="249.159"/>
</testsuite> <!-- testscripts.TC04_ToVerifyNewLeadCreatedTest -->
