<?xml version="1.0" encoding="UTF-8"?>
<!-- Generated by org.testng.reporters.JUnitReportReporter -->
<testsuite hostname="Kumuads" failures="0" tests="1" name="testscripts.TC02_AppointmentCreationTest" time="147.385" errors="0" timestamp="28 Apr 2022 04:00:05 GMT" skipped="0">
  <testcase classname="testscripts.TC02_AppointmentCreationTest" name="appointmentcreation" time="147.385"/>
</testsuite> <!-- testscripts.TC02_AppointmentCreationTest -->
