<?xml version="1.0" encoding="UTF-8"?>
<!-- Generated by org.testng.reporters.JUnitReportReporter -->
<testsuite hostname="Kumuads" failures="0" tests="1" name="testscripts.TC05_ToverifyLeadCreationInvalidData" time="112.536" errors="0" timestamp="29 Apr 2022 09:33:34 GMT" skipped="0">
  <testcase classname="testscripts.TC05_ToverifyLeadCreationInvalidData" name="toverifyLeadIsCreated" time="112.536"/>
</testsuite> <!-- testscripts.TC05_ToverifyLeadCreationInvalidData -->
