<?xml version="1.0" encoding="UTF-8"?>
<!-- Generated by org.testng.reporters.JUnitReportReporter -->
<testsuite hostname="Punam" failures="0" tests="1" name="com.au.testcases.TC_02_To_Verify_Liability_Self_Flow" time="115.580" errors="0" timestamp="17 Jun 2022 05:54:35 GMT" skipped="0">
  <testcase classname="com.au.testcases.TC_02_To_Verify_Liability_Self_Flow" name="Verify_Liability_Self_Flow" time="115.580"/>
</testsuite> <!-- com.au.testcases.TC_02_To_Verify_Liability_Self_Flow -->
