<?xml version="1.0" encoding="UTF-8"?>
<!-- Generated by org.testng.reporters.JUnitReportReporter -->
<testsuite hostname="Kumuads" failures="0" tests="1" name="testscripts.AxisProcessFlowTest" time="59.366" errors="0" timestamp="31 Mar 2022 07:34:50 GMT" skipped="0">
  <testcase classname="testscripts.AxisProcessFlowTest" name="processflow" time="59.366"/>
</testsuite> <!-- testscripts.AxisProcessFlowTest -->
