<?xml version="1.0" encoding="UTF-8"?>
<!-- Generated by org.testng.reporters.JUnitReportReporter -->
<testsuite hostname="Kumuads" failures="0" tests="1" name="testscripts.TC01_ToVerifyAccountIsCreatedTest" time="186.837" errors="0" timestamp="08 Apr 2022 10:51:27 GMT" skipped="0">
  <testcase classname="testscripts.TC01_ToVerifyAccountIsCreatedTest" name="activitycreation" time="186.837"/>
</testsuite> <!-- testscripts.TC01_ToVerifyAccountIsCreatedTest -->
