<?xml version="1.0" encoding="UTF-8"?>
<!-- Generated by org.testng.reporters.JUnitReportReporter -->
<testsuite hostname="Kumuads" failures="0" tests="1" name="testscripts.TC03_ActivityCreatedOnExistingCustomerTest" time="170.490" errors="0" timestamp="26 Apr 2022 13:02:48 GMT" skipped="0">
  <testcase classname="testscripts.TC03_ActivityCreatedOnExistingCustomerTest" name="activitycreatedonexistingcustomer" time="170.490"/>
</testsuite> <!-- testscripts.TC03_ActivityCreatedOnExistingCustomerTest -->
