<?xml version="1.0" encoding="UTF-8"?>
<!-- Generated by org.testng.reporters.JUnitReportReporter -->
<testsuite hostname="Kumuads" failures="0" tests="1" name="com.axis.crm.testcases.LoginPageTest" time="12.816" errors="0" timestamp="13 Mar 2022 05:17:58 GMT" skipped="0">
  <testcase classname="com.axis.crm.testcases.LoginPageTest" name="LoginTest" time="12.816"/>
</testsuite> <!-- com.axis.crm.testcases.LoginPageTest -->
